Connecting...
Connected!
Setting: $RST=$
ok
Setting: $23=3
ok
Setting: $3=3
ok
Setting: $30=100
ok
Setting: $$
ok
Sending: ; Prepare Job
ok
Sending: M5 ; Laser Off
ok
Sending: G21 ; Millimeter
ok
Sending: G90 ; Absolute Positioning
ok
Sending: $H ; Homing
ok
Sending: G92 X0 Y0 ; Settings Home Point as Zero Point
ok
Sending: ; Prepare Path
ok
Sending: M5 ; Laser OFF
ok
Sending: G1 F1100 ; Feed-Speed in mm/min
ok
Sending: G0 X25.088 Y27.546 ; Move to Start Position for Path
ok
Sending: ; M4 S85 ; Laser ON
ok
Sending: G1 X25.088 Y36.182
ok
Sending: G1 X22.209 Y36.182
ok
Sending: G1 X22.209 Y27.546
ok
Sending: G1 X19.845 Y27.546
ok
Sending: G1 X19.845 Y25.108
ok
Sending: G1 X27.452 Y25.108
ok
Sending: G1 X27.452 Y27.546
ok
Sending: G1 X25.088 Y27.546
ok
Sending: G1 X25.088 Y27.546
ok
Sending: ; Prepare Path
ok
Sending: M5 ; Laser OFF
ok
Sending: G1 F1100 ; Feed-Speed in mm/min
ok
Sending: G0 X33.488 Y31.32 ; Move to Start Position for Path
ok
Sending: ; M4 S85 ; Laser ON
ok
Sending: G1 X33.488 Y31.32
ok
Sending: G1 X33.365 Y30.964
ok
Sending: G1 X33.177 Y30.66
ok
Sending: G1 X32.945 Y30.425
ok
Sending: G1 X32.945 Y30.425
ok
Sending: G1 X32.645 Y30.234
ok
Sending: G1 X32.305 Y30.122
ok
Sending: G1 X31.946 Y30.087
ok
Sending: G1 X31.946 Y30.087
ok
Sending: G1 X31.556 Y30.123
ok
Sending: G1 X31.216 Y30.233
ok
Sending: G1 X30.933 Y30.41
ok
Sending: G1 X30.933 Y30.41
ok
Sending: G1 X30.701 Y30.666
ok
Sending: G1 X30.537 Y30.985
ok
Sending: G1 X30.448 Y31.32
ok
Sending: G1 X33.488 Y31.32
ok
Sending: G1 X33.488 Y31.32
ok
Sending: ; Prepare Path
ok
Sending: M5 ; Laser OFF
ok
Sending: G1 F1100 ; Feed-Speed in mm/min
ok
Sending: G0 X30.375 Y32.862 ; Move to Start Position for Path
ok
Sending: ; M4 S85 ; Laser ON
ok
Sending: G1 X30.375 Y32.862
ok
Sending: G1 X30.407 Y33.314
ok
Sending: G1 X30.504 Y33.696
ok
Sending: G1 X30.665 Y34.011
ok
Sending: G1 X30.891 Y34.256
ok
Sending: G1 X31.181 Y34.433
ok
Sending: G1 X31.536 Y34.541
ok
Sending: G1 X31.955 Y34.581
ok
Sending: G1 X31.99 Y34.581
ok
Sending: G1 X31.99 Y34.581
ok
Sending: G1 X32.378 Y34.541
ok
Sending: G1 X32.717 Y34.422
ok
Sending: G1 X33.008 Y34.223
ok
Sending: G1 X33.252 Y33.945
ok
Sending: G1 X33.297 Y33.876
ok
Sending: G1 X35.867 Y33.876
ok
Sending: G1 X35.867 Y33.876
ok
Sending: G1 X35.74 Y34.244
ok
Sending: G1 X35.586 Y34.583
ok
Sending: G1 X35.407 Y34.895
ok
Sending: G1 X35.203 Y35.178
ok
Sending: G1 X34.973 Y35.433
ok
Sending: G1 X34.718 Y35.66
ok
Sending: G1 X34.437 Y35.858
ok
Sending: G1 X34.131 Y36.029
ok
Sending: G1 X33.799 Y36.171
ok
Sending: G1 X33.442 Y36.285
ok
Sending: G1 X33.059 Y36.37
ok
Sending: G1 X32.65 Y36.428
ok
Sending: G1 X32.217 Y36.457
ok
Sending: G1 X31.976 Y36.461
ok
Sending: G1 X31.976 Y36.461
ok
Sending: G1 X31.593 Y36.449
ok
Sending: G1 X31.223 Y36.414
ok
Sending: G1 X30.867 Y36.356
ok
Sending: G1 X30.525 Y36.275
ok
Sending: G1 X30.228 Y36.182
ok
Sending: G1 X30.228 Y36.182
ok
Sending: G1 X29.88 Y36.037
ok
Sending: G1 X29.555 Y35.867
ok
Sending: G1 X29.252 Y35.674
ok
Sending: G1 X28.972 Y35.457
ok
Sending: G1 X28.862 Y35.359
ok
Sending: G1 X28.862 Y35.359
ok
Sending: G1 X28.613 Y35.099
ok
Sending: G1 X28.392 Y34.815
ok
Sending: G1 X28.198 Y34.509
ok
Sending: G1 X28.032 Y34.18
ok
Sending: G1 X27.996 Y34.096
ok
Sending: G1 X27.996 Y34.096
ok
Sending: G1 X27.877 Y33.771
ok
Sending: G1 X27.787 Y33.43
ok
Sending: G1 X27.726 Y33.072
ok
Sending: G1 X27.693 Y32.699
ok
Sending: G1 X27.687 Y32.451
ok
Sending: G1 X27.687 Y32.451
ok
Sending: G1 X27.7 Y32.064
ok
Sending: G1 X27.739 Y31.694
ok
Sending: G1 X27.804 Y31.34
ok
Sending: G1 X27.895 Y31.004
ok
Sending: G1 X27.981 Y30.762
ok
Sending: G1 X27.981 Y30.762
ok
Sending: G1 X28.132 Y30.417
ok
Sending: G1 X28.311 Y30.098
ok
Sending: G1 X28.517 Y29.805
ok
Sending: G1 X28.75 Y29.538
ok
Sending: G1 X28.818 Y29.47
ok
Sending: G1 X28.818 Y29.47
ok
Sending: G1 X29.085 Y29.235
ok
Sending: G1 X29.377 Y29.028
ok
Sending: G1 X29.693 Y28.849
ok
Sending: G1 X30.033 Y28.697
ok
Sending: G1 X30.125 Y28.662
ok
Sending: G1 X30.125 Y28.662
ok
Sending: G1 X30.45 Y28.555
ok
Sending: G1 X30.791 Y28.472
ok
Sending: G1 X31.148 Y28.413
ok
Sending: G1 X31.52 Y28.379
ok
Sending: G1 X31.873 Y28.368
ok
Sending: G1 X31.873 Y28.368
ok
Sending: G1 X32.26 Y28.381
ok
Sending: G1 X32.631 Y28.419
ok
Sending: G1 X32.985 Y28.482
ok
Sending: G1 X33.323 Y28.57
ok
Sending: G1 X33.591 Y28.662
ok
Sending: G1 X33.591 Y28.662
ok
Sending: G1 X33.938 Y28.808
ok
Sending: G1 X34.258 Y28.984
ok
Sending: G1 X34.552 Y29.188
ok
Sending: G1 X34.821 Y29.422
ok
Sending: G1 X34.883 Y29.485
ok
Sending: G1 X34.883 Y29.485
ok
Sending: G1 X35.114 Y29.749
ok
Sending: G1 X35.319 Y30.04
ok
Sending: G1 X35.496 Y30.357
ok
Sending: G1 X35.647 Y30.702
ok
Sending: G1 X35.691 Y30.821
ok
Sending: G1 X35.691 Y30.821
ok
Sending: G1 X35.793 Y31.145
ok
Sending: G1 X35.871 Y31.485
ok
Sending: G1 X35.927 Y31.842
ok
Sending: G1 X35.96 Y32.216
ok
Sending: G1 X35.97 Y32.583
ok
Sending: G1 X35.97 Y32.862
ok
Sending: G1 X30.375 Y32.862
ok
Sending: G1 X30.375 Y32.862
ok
Sending: ; Prepare Path
ok
Sending: M5 ; Laser OFF
ok
Sending: G1 F1100 ; Feed-Speed in mm/min
ok
Sending: G0 X42.483 Y30.586 ; Move to Start Position for Path
ok
Sending: ; M4 S85 ; Laser ON
ok
Sending: G1 X42.483 Y30.586
ok
Sending: G1 X42.13 Y30.424
ok
Sending: G1 X41.78 Y30.306
ok
Sending: G1 X41.433 Y30.233
ok
Sending: G1 X41.09 Y30.205
ok
Sending: G1 X41.044 Y30.204
ok
Sending: G1 X41.044 Y30.204
ok
Sending: G1 X40.663 Y30.254
ok
Sending: G1 X40.442 Y30.351
ok
Sending: G1 X40.442 Y30.351
ok
Sending: G1 X40.232 Y30.642
ok
Sending: G1 X40.221 Y30.748
ok
Sending: G1 X40.221 Y30.748
ok
Sending: G1 X40.251 Y30.968
ok
Sending: G1 X40.251 Y30.968
ok
Sending: G1 X40.412 Y31.115
ok
Sending: G1 X40.412 Y31.115
ok
Sending: G1 X40.744 Y31.238
ok
Sending: G1 X40.779 Y31.247
ok
Sending: G1 X40.779 Y31.247
ok
Sending: G1 X41.095 Y31.32
ok
Sending: G1 X41.426 Y31.394
ok
Sending: G1 X41.426 Y31.394
ok
Sending: G1 X41.836 Y31.494
ok
Sending: G1 X42.204 Y31.621
ok
Sending: G1 X42.528 Y31.775
ok
Sending: G1 X42.81 Y31.956
ok
Sending: G1 X43.049 Y32.165
ok
Sending: G1 X43.07 Y32.187
ok
Sending: G1 X43.07 Y32.187
ok
Sending: G1 X43.293 Y32.463
ok
Sending: G1 X43.458 Y32.774
ok
Sending: G1 X43.564 Y33.12
ok
Sending: G1 X43.611 Y33.501
ok
Sending: G1 X43.614 Y33.626
ok
Sending: G1 X43.614 Y33.626
ok
Sending: G1 X43.591 Y34.005
ok
Sending: G1 X43.521 Y34.362
ok
Sending: G1 X43.406 Y34.695
ok
Sending: G1 X43.35 Y34.816
ok
Sending: G1 X43.35 Y34.816
ok
Sending: G1 X43.165 Y35.129
ok
Sending: G1 X42.941 Y35.412
ok
Sending: G1 X42.676 Y35.662
ok
Sending: G1 X42.615 Y35.712
ok
Sending: G1 X42.615 Y35.712
ok
Sending: G1 X42.329 Y35.901
ok
Sending: G1 X42.011 Y36.064
ok
Sending: G1 X41.662 Y36.2
ok
Sending: G1 X41.484 Y36.255
ok
Sending: G1 X41.484 Y36.255
ok
Sending: G1 X41.151 Y36.344
ok
Sending: G1 X40.802 Y36.408
ok
Sending: G1 X40.436 Y36.447
ok
Sending: G1 X40.055 Y36.461
ok
Sending: G1 X40.03 Y36.461
ok
Sending: G1 X40.03 Y36.461
ok
Sending: G1 X39.68 Y36.449
ok
Sending: G1 X39.331 Y36.415
ok
Sending: G1 X38.983 Y36.358
ok
Sending: G1 X38.636 Y36.278
ok
Sending: G1 X38.291 Y36.175
ok
Sending: G1 X37.946 Y36.049
ok
Sending: G1 X37.603 Y35.901
ok
Sending: G1 X37.261 Y35.729
ok
Sending: G1 X37.02 Y35.594
ok
Sending: G1 X37.989 Y33.714
ok
Sending: G1 X37.989 Y33.714
ok
Sending: G1 X38.342 Y33.938
ok
Sending: G1 X38.689 Y34.124
ok
Sending: G1 X39.03 Y34.27
ok
Sending: G1 X39.365 Y34.378
ok
Sending: G1 X39.694 Y34.447
ok
Sending: G1 X40.017 Y34.477
ok
Sending: G1 X40.104 Y34.478
ok
Sending: G1 X40.104 Y34.478
ok
Sending: G1 X40.483 Y34.425
ok
Sending: G1 X40.706 Y34.316
ok
Sending: G1 X40.706 Y34.316
ok
Sending: G1 X40.926 Y34.026
ok
Sending: G1 X40.941 Y33.905
ok
Sending: G1 X40.941 Y33.905
ok
Sending: G1 X40.897 Y33.67
ok
Sending: G1 X40.897 Y33.67
ok
Sending: G1 X40.75 Y33.494
ok
Sending: G1 X40.75 Y33.494
ok
Sending: G1 X40.425 Y33.354
ok
Sending: G1 X40.398 Y33.347
ok
Sending: G1 X40.398 Y33.347
ok
Sending: G1 X40.083 Y33.26
ok
Sending: G1 X39.81 Y33.2
ok
Sending: G1 X39.81 Y33.2
ok
Sending: G1 X39.369 Y33.097
ok
Sending: G1 X38.98 Y32.977
ok
Sending: G1 X38.644 Y32.84
ok
Sending: G1 X38.361 Y32.686
ok
Sending: G1 X38.131 Y32.516
ok
Sending: G1 X38.077 Y32.466
ok
Sending: G1 X38.077 Y32.466
ok
Sending: G1 X37.868 Y32.198
ok
Sending: G1 X37.718 Y31.886
ok
Sending: G1 X37.626 Y31.529
ok
Sending: G1 X37.593 Y31.127
ok
Sending: G1 X37.593 Y31.1
ok
Sending: G1 X37.593 Y31.1
ok
Sending: G1 X37.615 Y30.719
ok
Sending: G1 X37.684 Y30.363
ok
Sending: G1 X37.799 Y30.033
ok
Sending: G1 X37.828 Y29.969
ok
Sending: G1 X37.828 Y29.969
ok
Sending: G1 X38.004 Y29.649
ok
Sending: G1 X38.224 Y29.364
ok
Sending: G1 X38.489 Y29.114
ok
Sending: G1 X38.503 Y29.103
ok
Sending: G1 X38.503 Y29.103
ok
Sending: G1 X38.787 Y28.904
ok
Sending: G1 X39.103 Y28.734
ok
Sending: G1 X39.452 Y28.595
ok
Sending: G1 X39.56 Y28.559
ok
Sending: G1 X39.56 Y28.559
ok
Sending: G1 X39.893 Y28.474
ok
Sending: G1 X40.244 Y28.414
ok
Sending: G1 X40.611 Y28.379
ok
Sending: G1 X40.956 Y28.368
ok
Sending: G1 X40.956 Y28.368
ok
Sending: G1 X41.319 Y28.379
ok
Sending: G1 X41.679 Y28.41
ok
Sending: G1 X42.036 Y28.462
ok
Sending: G1 X42.389 Y28.534
ok
Sending: G1 X42.74 Y28.627
ok
Sending: G1 X43.088 Y28.741
ok
Sending: G1 X43.379 Y28.853
ok
Sending: G1 X42.483 Y30.586
ok
Sending: G1 X42.483 Y30.586
ok
Sending: ; Prepare Path
ok
Sending: M5 ; Laser OFF
ok
Sending: G1 F1100 ; Feed-Speed in mm/min
ok
Sending: G0 X48.129 Y30.865 ; Move to Start Position for Path
ok
Sending: ; M4 S85 ; Laser ON
ok
Sending: G1 X48.129 Y36.182
ok
Sending: G1 X45.471 Y36.182
ok
Sending: G1 X45.471 Y30.865
ok
Sending: G1 X44.59 Y30.865
ok
Sending: G1 X44.59 Y28.648
ok
Sending: G1 X45.471 Y28.648
ok
Sending: G1 X45.471 Y26.386
ok
Sending: G1 X48.129 Y26.386
ok
Sending: G1 X48.129 Y28.648
ok
Sending: G1 X49.642 Y28.648
ok
Sending: G1 X49.642 Y30.865
ok
Sending: G1 X48.129 Y30.865
ok
Sending: G1 X48.129 Y30.865
ok
Sending: ; Prepare Path
ok
Sending: M5 ; Laser OFF
ok
Sending: G1 F1100 ; Feed-Speed in mm/min
ok
Sending: G0 X49.731 Y31.144 ; Move to Start Position for Path
ok
Sending: ; M4 S85 ; Laser ON
ok
Sending: G1 X53.946 Y31.144
ok
Sending: G1 X53.946 Y33.362
ok
Sending: G1 X49.731 Y33.362
ok
Sending: G1 X49.731 Y31.144
ok
Sending: G1 X49.731 Y31.144
ok
Sending: ; Prepare Path
ok
Sending: M5 ; Laser OFF
ok
Sending: G1 F1100 ; Feed-Speed in mm/min
ok
Sending: G0 X59.48 Y27.546 ; Move to Start Position for Path
ok
Sending: ; M4 S85 ; Laser ON
ok
Sending: G1 X59.48 Y36.182
ok
Sending: G1 X56.601 Y36.182
ok
Sending: G1 X56.601 Y27.546
ok
Sending: G1 X54.237 Y27.546
Traceback (most recent call last):
  File "/Users/merlinhof/Library/Python/3.9/lib/python/site-packages/serial/serialposix.py", line 575, in read
    buf = os.read(self.fd, size - len(read))
OSError: [Errno 6] Device not configured

During handling of the above exception, another exception occurred:

Traceback (most recent call last):
  File "/Users/merlinhof/Desktop/vectorLaser/backend/./laser.py", line 56, in <module>
    feedback = ser.readline().decode('utf-8').strip()
  File "/Users/merlinhof/Library/Python/3.9/lib/python/site-packages/serial/serialposix.py", line 581, in read
    raise SerialException('read failed: {}'.format(e))
serial.serialutil.SerialException: read failed: [Errno 6] Device not configured
